<?xml version="1.0" encoding="UTF-8"?>
<testsuite xmlns:xsi="http://www.w3.org/2001/XMLSchema-instance" xsi:noNamespaceSchemaLocation="https://maven.apache.org/surefire/maven-surefire-plugin/xsd/surefire-test-report-3.0.xsd" version="3.0" name="com.luv2code.junitdemo.DemoUtilsTest" time="4.13" tests="9" errors="0" skipped="0" failures="1">
  <properties>
    <property name="java.specification.version" value="17"/>
    <property name="sun.cpu.isalist" value="amd64"/>
    <property name="sun.jnu.encoding" value="Cp1252"/>
    <property name="java.class.path" value="C:\Users\liyuan\Documents\spring-boot-unit-testing-main\spring-boot-unit-testing-main\1.00-starting-project\target\test-classes;C:\Users\liyuan\Documents\spring-boot-unit-testing-main\spring-boot-unit-testing-main\1.00-starting-project\target\classes;C:\Users\liyuan\.m2\repository\org\junit\jupiter\junit-jupiter\5.10.0\junit-jupiter-5.10.0.jar;C:\Users\liyuan\.m2\repository\org\junit\jupiter\junit-jupiter-api\5.10.0\junit-jupiter-api-5.10.0.jar;C:\Users\liyuan\.m2\repository\org\opentest4j\opentest4j\1.3.0\opentest4j-1.3.0.jar;C:\Users\liyuan\.m2\repository\org\junit\platform\junit-platform-commons\1.10.0\junit-platform-commons-1.10.0.jar;C:\Users\liyuan\.m2\repository\org\apiguardian\apiguardian-api\1.1.2\apiguardian-api-1.1.2.jar;C:\Users\liyuan\.m2\repository\org\junit\jupiter\junit-jupiter-params\5.10.0\junit-jupiter-params-5.10.0.jar;C:\Users\liyuan\.m2\repository\org\junit\jupiter\junit-jupiter-engine\5.10.0\junit-jupiter-engine-5.10.0.jar;C:\Users\liyuan\.m2\repository\org\junit\platform\junit-platform-engine\1.10.0\junit-platform-engine-1.10.0.jar;"/>
    <property name="java.vm.vendor" value="Oracle Corporation"/>
    <property name="sun.arch.data.model" value="64"/>
    <property name="user.variant" value=""/>
    <property name="java.vendor.url" value="https://java.oracle.com/"/>
    <property name="user.timezone" value="Europe/Stockholm"/>
    <property name="os.name" value="Windows 10"/>
    <property name="java.vm.specification.version" value="17"/>
    <property name="sun.java.launcher" value="SUN_STANDARD"/>
    <property name="user.country" value="SE"/>
    <property name="sun.boot.library.path" value="C:\Program Files\Java\jdk-17.0.2\bin"/>
    <property name="sun.java.command" value="C:\Users\liyuan\AppData\Local\Temp\surefire4211463079567935081\surefirebooter15797261659250625335.jar C:\Users\liyuan\AppData\Local\Temp\surefire4211463079567935081 2023-10-02T16-37-51_272-jvmRun1 surefire3220672767503162037tmp surefire_0947048960473374165tmp"/>
    <property name="jdk.debug" value="release"/>
    <property name="surefire.test.class.path" value="C:\Users\liyuan\Documents\spring-boot-unit-testing-main\spring-boot-unit-testing-main\1.00-starting-project\target\test-classes;C:\Users\liyuan\Documents\spring-boot-unit-testing-main\spring-boot-unit-testing-main\1.00-starting-project\target\classes;C:\Users\liyuan\.m2\repository\org\junit\jupiter\junit-jupiter\5.10.0\junit-jupiter-5.10.0.jar;C:\Users\liyuan\.m2\repository\org\junit\jupiter\junit-jupiter-api\5.10.0\junit-jupiter-api-5.10.0.jar;C:\Users\liyuan\.m2\repository\org\opentest4j\opentest4j\1.3.0\opentest4j-1.3.0.jar;C:\Users\liyuan\.m2\repository\org\junit\platform\junit-platform-commons\1.10.0\junit-platform-commons-1.10.0.jar;C:\Users\liyuan\.m2\repository\org\apiguardian\apiguardian-api\1.1.2\apiguardian-api-1.1.2.jar;C:\Users\liyuan\.m2\repository\org\junit\jupiter\junit-jupiter-params\5.10.0\junit-jupiter-params-5.10.0.jar;C:\Users\liyuan\.m2\repository\org\junit\jupiter\junit-jupiter-engine\5.10.0\junit-jupiter-engine-5.10.0.jar;C:\Users\liyuan\.m2\repository\org\junit\platform\junit-platform-engine\1.10.0\junit-platform-engine-1.10.0.jar;"/>
    <property name="sun.cpu.endian" value="little"/>
    <property name="user.home" value="C:\Users\liyuan"/>
    <property name="user.language" value="sv"/>
    <property name="java.specification.vendor" value="Oracle Corporation"/>
    <property name="java.version.date" value="2022-01-18"/>
    <property name="java.home" value="C:\Program Files\Java\jdk-17.0.2"/>
    <property name="file.separator" value="\"/>
    <property name="basedir" value="C:\Users\liyuan\Documents\spring-boot-unit-testing-main\spring-boot-unit-testing-main\1.00-starting-project"/>
    <property name="java.vm.compressedOopsMode" value="Zero based"/>
    <property name="line.separator" value="&#10;"/>
    <property name="java.vm.specification.vendor" value="Oracle Corporation"/>
    <property name="java.specification.name" value="Java Platform API Specification"/>
    <property name="surefire.real.class.path" value="C:\Users\liyuan\AppData\Local\Temp\surefire4211463079567935081\surefirebooter15797261659250625335.jar"/>
    <property name="user.script" value=""/>
    <property name="sun.management.compiler" value="HotSpot 64-Bit Tiered Compilers"/>
    <property name="java.runtime.version" value="17.0.2+8-86"/>
    <property name="user.name" value="liyuan"/>
    <property name="path.separator" value=";"/>
    <property name="os.version" value="10.0"/>
    <property name="java.runtime.name" value="OpenJDK Runtime Environment"/>
    <property name="file.encoding" value="Cp1252"/>
    <property name="java.vm.name" value="OpenJDK 64-Bit Server VM"/>
    <property name="localRepository" value="C:\Users\liyuan\.m2\repository"/>
    <property name="java.vendor.url.bug" value="https://bugreport.java.com/bugreport/"/>
    <property name="java.io.tmpdir" value="C:\Users\liyuan\AppData\Local\Temp\"/>
    <property name="java.version" value="17.0.2"/>
    <property name="user.dir" value="C:\Users\liyuan\Documents\spring-boot-unit-testing-main\spring-boot-unit-testing-main\1.00-starting-project"/>
    <property name="os.arch" value="amd64"/>
    <property name="java.vm.specification.name" value="Java Virtual Machine Specification"/>
    <property name="sun.os.patch.level" value=""/>
    <property name="native.encoding" value="Cp1252"/>
    <property name="java.library.path" value="C:\Program Files\Java\jdk-17.0.2\bin;C:\Windows\Sun\Java\bin;C:\Windows\system32;C:\Windows;C:\Program Files\Eclipse Adoptium\jre-8.0.382.5-hotspot\bin;C:\Program Files (x86)\Eclipse Adoptium\jre-8.0.382.5-hotspot\bin;C:\Program Files\Java\jdk-17.0.2\bin;C:\Python39\Scripts\;C:\Python39\;C:\Program Files\apache-maven-3.8.2\bin;&quot;;C:\Windows\system32;C:\Windows;C:\Windows\System32\Wbem;C:\Windows\System32\WindowsPowerShell\v1.0\;C:\HashiCorp\Vagrant\bin;C:\ProgramData\chocolatey\bin;&quot;;%AppData%\npm;C:\Windows\System32;C:\Tomcat 8.5\bin;C:\Tomcat 8.5\lib;C:\Program Files\IcedTeaWeb\WebStart\bin;C:\liquibase;C:\Users\liyuan\AppData\Roaming\nvm;C:\Program Files\nodejs;C:\Program Files\JetBrains\IntelliJ IDEA 2021.2.2\bin;C:\Program Files\SlikSvn\bin;C:\Program Files\PuTTY\;C:\Program Files\RedHat\Podman\;C:\kubectl;C:\kind;C:\Program Files (x86)\Vim\vim90;C:\Program Files\Git\cmd;C:\Program Files\Docker\Docker\resources\bin;C:\Users\liyuan\AppData\Local\Microsoft\WindowsApps;C:\Users\liyuan\AppData\Local\Programs\Microsoft VS Code\bin;C:\Program Files\JetBrains\IntelliJ IDEA 2021.2.2\bin;C:\Program Files\JetBrains\IntelliJ IDEA Community Edition 2021.2.1\bin;C:\Users\liyuan\AppData\Roaming\npm;C:\Users\liyuan\AppData\Roaming\nvm;C:\Users\liyuan\AppData\Local\JetBrains\Toolbox\scripts;C:\Users\liyuan\AppData\Roaming\nvm;C:\Program Files\nodejs;C:\Users\liyuan\AppData\Local\Microsoft\WinGet\Links;;."/>
    <property name="java.vm.info" value="mixed mode, sharing"/>
    <property name="java.vendor" value="Oracle Corporation"/>
    <property name="java.vm.version" value="17.0.2+8-86"/>
    <property name="sun.io.unicode.encoding" value="UnicodeLittle"/>
    <property name="java.class.version" value="61.0"/>
  </properties>
  <testcase name="test assertArrayEquals() deep equals" classname="com.luv2code.junitdemo.DemoUtilsTest" time="0.044"/>
  <testcase name="test assertIterableEquals() deep equals" classname="com.luv2code.junitdemo.DemoUtilsTest" time="0.004"/>
  <testcase name="test assertIterableEquals() deep equals" classname="com.luv2code.junitdemo.DemoUtilsTest" time="0.001"/>
  <testcase name="testAssertThrows" classname="com.luv2code.junitdemo.DemoUtilsTest" time="0.004"/>
  <testcase name="testEqualsAndNotEquals" classname="com.luv2code.junitdemo.DemoUtilsTest" time="0.009">
    <failure type="org.opentest4j.AssertionFailedError"><![CDATA[org.opentest4j.AssertionFailedError: 2 + 4 should equals 6 ==> expected: <6> but was: <10>
	at com.luv2code.junitdemo.DemoUtilsTest.testEqualsAndNotEquals(DemoUtilsTest.java:23)
]]></failure>
  </testcase>
  <testcase name="testNullAndNotNull" classname="com.luv2code.junitdemo.DemoUtilsTest" time="0.001"/>
  <testcase name="testSameAndNotSame" classname="com.luv2code.junitdemo.DemoUtilsTest" time="0.001"/>
  <testcase name="testTimeout" classname="com.luv2code.junitdemo.DemoUtilsTest" time="2.008">
    <system-out><![CDATA[I am going to sleep
Sleeping over
]]></system-out>
  </testcase>
  <testcase name="testTimeoutPreemptively" classname="com.luv2code.junitdemo.DemoUtilsTest" time="2.022">
    <system-out><![CDATA[I am going to sleep
Sleeping over
]]></system-out>
  </testcase>
</testsuite>